<?xml version="1.0" encoding="UTF-8"?>
<!-- Generated by org.testng.reporters.JUnitReportReporter -->
<testsuite skipped="0" hostname="DESKTOP-1J7GQ29" name="com.seleniumadvanced.listener.TestNG_TestCase" tests="2" failures="0" timestamp="02 Jun 2017 03:03:41 GMT" time="22.072" errors="0">
  <testcase name="testMethod1" time="1.031" classname="com.seleniumadvanced.listener.TestNG_TestCase"/>
  <testcase name="testMethod" time="21.041" classname="com.seleniumadvanced.listener.TestNG_TestCase"/>
</testsuite> <!-- com.seleniumadvanced.listener.TestNG_TestCase -->
