<?xml version="1.0" encoding="UTF-8"?>
<!-- Generated by org.testng.reporters.JUnitReportReporter -->
<testsuite skipped="0" hostname="DESKTOP-1J7GQ29" name="com.seleniumadvanced.testng.TestNG_TestCase" tests="1" failures="0" timestamp="29 May 2017 22:17:57 GMT" time="21.989" errors="0">
  <testcase name="test" time="21.989" classname="com.seleniumadvanced.testng.TestNG_TestCase"/>
</testsuite> <!-- com.seleniumadvanced.testng.TestNG_TestCase -->
