<?xml version="1.0" encoding="UTF-8"?>
<!-- Generated by org.testng.reporters.JUnitReportReporter -->
<testsuite skipped="0" hostname="DESKTOP-1J7GQ29" name="datadriven.readingmulitipledataset.UsingExcel" tests="2" failures="0" timestamp="02 Jun 2017 06:06:14 GMT" time="10.549" errors="0">
  <testcase name="testUsingExcel" time="4.332" classname="datadriven.readingmulitipledataset.UsingExcel"/>
  <testcase name="testUsingExcel" time="6.217" classname="datadriven.readingmulitipledataset.UsingExcel"/>
</testsuite> <!-- datadriven.readingmulitipledataset.UsingExcel -->
