<?xml version="1.0" encoding="UTF-8"?>
<!-- Generated by org.testng.reporters.JUnitReportReporter -->
<testsuite skipped="0" hostname="DESKTOP-1J7GQ29" name="com.seleniumadvanced.testsuite.TestNG_TestCase" tests="2" failures="0" timestamp="01 Jun 2017 18:53:55 GMT" time="20.576" errors="0">
  <testcase name="test2_fillAdvancedInfo" time="9.798" classname="com.seleniumadvanced.testsuite.TestNG_TestCase"/>
  <testcase name="test1_fillBasicInfo" time="10.778" classname="com.seleniumadvanced.testsuite.TestNG_TestCase"/>
</testsuite> <!-- com.seleniumadvanced.testsuite.TestNG_TestCase -->
