<?xml version="1.0" encoding="UTF-8"?>
<!-- Generated by org.testng.reporters.JUnitReportReporter -->
<testsuite skipped="0" hostname="DESKTOP-1J7GQ29" name="com.selenium.performancetesting.PerformanceTesting" tests="1" failures="0" timestamp="20 May 2017 17:07:04 GMT" time="35.580" errors="0">
  <testcase name="test" time="35.580" classname="com.selenium.performancetesting.PerformanceTesting"/>
</testsuite> <!-- com.selenium.performancetesting.PerformanceTesting -->
