<?xml version="1.0" encoding="UTF-8"?>
<!-- Generated by org.testng.reporters.JUnitReportReporter -->
<testsuite skipped="0" hostname="DESKTOP-1J7GQ29" name="com.seleniumadvanced.TestNG_TestCase" tests="1" failures="0" timestamp="19 May 2017 01:31:07 GMT" time="0.016" errors="0">
  <testcase name="testMethod" time="0.016" classname="com.seleniumadvanced.TestNG_TestCase"/>
</testsuite> <!-- com.seleniumadvanced.TestNG_TestCase -->
