<?xml version="1.0" encoding="UTF-8"?>
<!-- Generated by org.testng.reporters.JUnitReportReporter -->
<testsuite skipped="0" hostname="DESKTOP-1J7GQ29" name="com.seleniumadvanced.reporterandassert.TestNG_ReportersAndAsserts" tests="3" failures="0" timestamp="20 May 2017 06:10:11 GMT" time="0.020" errors="0">
  <testcase name="testStrings" time="0.009" classname="com.seleniumadvanced.reporterandassert.TestNG_ReportersAndAsserts"/>
  <testcase name="testArrays" time="0.008" classname="com.seleniumadvanced.reporterandassert.TestNG_ReportersAndAsserts"/>
  <testcase name="testInt" time="0.003" classname="com.seleniumadvanced.reporterandassert.TestNG_ReportersAndAsserts"/>
</testsuite> <!-- com.seleniumadvanced.reporterandassert.TestNG_ReportersAndAsserts -->
