<?xml version="1.0" encoding="UTF-8"?>
<!-- Generated by org.testng.reporters.JUnitReportReporter -->
<testsuite skipped="0" hostname="DESKTOP-1J7GQ29" name="com.seleniumadvanced.report.SeleniumLoginTest" tests="1" failures="0" timestamp="02 Jun 2017 05:30:03 GMT" time="7.407" errors="0">
  <testcase name="test1_validLoginTest" time="7.407" classname="com.seleniumadvanced.report.SeleniumLoginTest"/>
</testsuite> <!-- com.seleniumadvanced.report.SeleniumLoginTest -->
