<?xml version="1.0" encoding="UTF-8"?>
<!-- Generated by org.testng.reporters.JUnitReportReporter -->
<testsuite skipped="0" hostname="DESKTOP-1J7GQ29" name="com.seleniumadvanced.testng.NewTest" tests="1" failures="0" timestamp="20 May 2017 04:14:38 GMT" time="0.006" errors="0">
  <testcase name="f" time="0.006" classname="com.seleniumadvanced.testng.NewTest"/>
</testsuite> <!-- com.seleniumadvanced.testng.NewTest -->
