<?xml version="1.0" encoding="UTF-8"?>
<!-- Generated by org.testng.reporters.JUnitReportReporter -->
<testsuite skipped="0" hostname="DESKTOP-1J7GQ29" name="com.seleniumadvanced.testng.TestNG_TestCase" tests="1" failures="0" timestamp="01 Jun 2017 06:19:24 GMT" time="18.177" errors="0">
  <testcase name="test" time="18.177" classname="com.seleniumadvanced.testng.TestNG_TestCase"/>
</testsuite> <!-- com.seleniumadvanced.testng.TestNG_TestCase -->
