<?xml version="1.0" encoding="UTF-8"?>
<!-- Generated by org.testng.reporters.JUnitReportReporter -->
<testsuite skipped="0" hostname="DESKTOP-1J7GQ29" name="testng.introduction.TestNgTestClass" tests="1" failures="0" timestamp="02 Jun 2017 04:05:27 GMT" time="0.008" errors="0">
  <testcase name="test" time="0.008" classname="testng.introduction.TestNgTestClass"/>
</testsuite> <!-- testng.introduction.TestNgTestClass -->
