<?xml version="1.0" encoding="UTF-8"?>
<!-- Generated by org.testng.reporters.JUnitReportReporter -->
<testsuite skipped="0" hostname="DESKTOP-1J7GQ29" name="datadriven.readingmulitipledataset.UsingExcel" tests="2" failures="0" timestamp="28 May 2017 19:16:41 GMT" time="10.160" errors="0">
  <testcase name="testUsingExcel" time="4.596" classname="datadriven.readingmulitipledataset.UsingExcel"/>
  <testcase name="testUsingExcel" time="5.564" classname="datadriven.readingmulitipledataset.UsingExcel"/>
</testsuite> <!-- datadriven.readingmulitipledataset.UsingExcel -->
