<?xml version="1.0" encoding="UTF-8"?>
<!-- Generated by org.testng.reporters.JUnitReportReporter -->
<testsuite skipped="0" hostname="DESKTOP-1J7GQ29" name="com.seleniumadvanced.report.withmultipletestcases.Test1" tests="1" failures="0" timestamp="31 May 2017 06:29:10 GMT" time="4.086" errors="0">
  <testcase name="test1_validLoginTest" time="4.086" classname="com.seleniumadvanced.report.withmultipletestcases.Test1"/>
</testsuite> <!-- com.seleniumadvanced.report.withmultipletestcases.Test1 -->
