<?xml version="1.0" encoding="UTF-8"?>
<!-- Generated by org.testng.reporters.JUnitReportReporter -->
<testsuite skipped="0" hostname="DESKTOP-1J7GQ29" name="advancedreport.testng.report.multipletestcase.Test2" tests="1" failures="0" timestamp="02 Jun 2017 05:37:40 GMT" time="0.001" errors="0">
  <testcase name="testMethod" time="0.001" classname="advancedreport.testng.report.multipletestcase.Test2"/>
</testsuite> <!-- advancedreport.testng.report.multipletestcase.Test2 -->
