<?xml version="1.0" encoding="UTF-8"?>
<!-- Generated by org.testng.reporters.JUnitReportReporter -->
<testsuite skipped="0" hostname="DESKTOP-1J7GQ29" name="testng.testsuite.TestNG_TestCase" tests="2" failures="0" timestamp="02 Jun 2017 04:15:31 GMT" time="23.901" errors="0">
  <testcase name="test1_fillBasicInfo" time="14.692" classname="testng.testsuite.TestNG_TestCase"/>
  <testcase name="test2_fillAdvancedInfo" time="9.209" classname="testng.testsuite.TestNG_TestCase"/>
</testsuite> <!-- testng.testsuite.TestNG_TestCase -->
