<?xml version="1.0" encoding="UTF-8"?>
<!-- Generated by org.testng.reporters.JUnitReportReporter -->
<testsuite skipped="0" hostname="DESKTOP-1J7GQ29" name="com.selenium.performancetesting.PerformanceTestingStopWatch" tests="1" failures="0" timestamp="20 May 2017 17:05:56 GMT" time="31.983" errors="0">
  <testcase name="test" time="31.983" classname="com.selenium.performancetesting.PerformanceTestingStopWatch"/>
</testsuite> <!-- com.selenium.performancetesting.PerformanceTestingStopWatch -->
