<?xml version="1.0" encoding="UTF-8"?>
<!-- Generated by org.testng.reporters.JUnitReportReporter -->
<testsuite skipped="0" hostname="DESKTOP-1J7GQ29" name="testng.grouping.TestNG_Grouping" tests="2" failures="0" timestamp="02 Jun 2017 04:19:17 GMT" time="0.013" errors="0">
  <testcase name="HondaAccord" time="0.001" classname="testng.grouping.TestNG_Grouping"/>
  <testcase name="BMWX3" time="0.012" classname="testng.grouping.TestNG_Grouping"/>
</testsuite> <!-- testng.grouping.TestNG_Grouping -->
