<?xml version="1.0" encoding="UTF-8"?>
<!-- Generated by org.testng.reporters.JUnitReportReporter -->
<testsuite skipped="0" hostname="DESKTOP-1J7GQ29" name="com.selenium.performancetesting.TestNG_TestCase" tests="1" failures="0" timestamp="20 May 2017 16:59:16 GMT" time="51.318" errors="0">
  <testcase name="test" time="51.318" classname="com.selenium.performancetesting.TestNG_TestCase"/>
</testsuite> <!-- com.selenium.performancetesting.TestNG_TestCase -->
