<?xml version="1.0" encoding="UTF-8"?>
<!-- Generated by org.testng.reporters.JUnitReportReporter -->
<testsuite skipped="0" hostname="DESKTOP-1J7GQ29" name="com.seleniumadvanced.testsuite.TestNG_TestCase" tests="2" failures="0" timestamp="28 May 2017 06:15:26 GMT" time="22.812" errors="0">
  <testcase name="test2_fillAdvancedInfo" time="9.149" classname="com.seleniumadvanced.testsuite.TestNG_TestCase"/>
  <testcase name="test1_fillBasicInfo" time="13.663" classname="com.seleniumadvanced.testsuite.TestNG_TestCase"/>
</testsuite> <!-- com.seleniumadvanced.testsuite.TestNG_TestCase -->
