<?xml version="1.0" encoding="UTF-8"?>
<!-- Generated by org.testng.reporters.JUnitReportReporter -->
<testsuite skipped="0" hostname="DESKTOP-1J7GQ29" name="com.seleniumadvanced.grouping.TestNG_Grouping" tests="2" failures="0" timestamp="20 May 2017 06:05:50 GMT" time="0.014" errors="0">
  <testcase name="HondaAccord" time="0.004" classname="com.seleniumadvanced.grouping.TestNG_Grouping"/>
  <testcase name="BMWX3" time="0.010" classname="com.seleniumadvanced.grouping.TestNG_Grouping"/>
</testsuite> <!-- com.seleniumadvanced.grouping.TestNG_Grouping -->
